[24-Oct-2024 13:51:12] NOTICE: fpm is running, pid 15734
[24-Oct-2024 13:51:12] NOTICE: ready to handle connections
[07-Jan-2025 14:13:02] NOTICE: fpm is running, pid 50319
[07-Jan-2025 14:13:02] NOTICE: ready to handle connections
[01-Feb-2025 10:54:10] NOTICE: Terminating ...
[01-Feb-2025 10:54:10] NOTICE: Terminating ...
[01-Feb-2025 10:54:10] NOTICE: exiting, bye-bye!
[19-Feb-2025 11:55:51] NOTICE: fpm is running, pid 24124
[19-Feb-2025 11:55:51] NOTICE: ready to handle connections
[17-Mar-2025 15:36:23] NOTICE: Terminating ...
[17-Mar-2025 15:36:23] NOTICE: Terminating ...
[17-Mar-2025 15:36:23] NOTICE: exiting, bye-bye!
[17-Mar-2025 15:36:25] NOTICE: fpm is running, pid 3268
[17-Mar-2025 15:36:25] NOTICE: ready to handle connections
[28-Mar-2025 12:32:39] NOTICE: Terminating ...
[28-Mar-2025 12:32:40] NOTICE: Terminating ...
[28-Mar-2025 12:32:40] NOTICE: exiting, bye-bye!
[01-Apr-2025 10:53:39] NOTICE: fpm is running, pid 12925
[01-Apr-2025 10:53:39] NOTICE: ready to handle connections
[11-May-2025 20:27:32] NOTICE: Terminating ...
[11-May-2025 20:27:32] NOTICE: Terminating ...
[11-May-2025 20:27:32] NOTICE: exiting, bye-bye!
[13-May-2025 09:43:52] NOTICE: fpm is running, pid 66239
[13-May-2025 09:43:52] NOTICE: ready to handle connections
